<?xml version="1.0" encoding="UTF-8"?>
<!-- Generated by org.testng.reporters.JUnitReportReporter -->
<testsuite hostname="DESKTOP-LBOUEHO" failures="0" tests="3" name="crossbrowsing.parameter" time="7.071" errors="0" timestamp="2023-09-20T13:51:55 IST" skipped="0">
  <testcase classname="crossbrowsing.parameter" name="f" time="4.149"/>
  <testcase classname="crossbrowsing.parameter" name="f" time="1.636"/>
  <testcase classname="crossbrowsing.parameter" name="f" time="1.286"/>
</testsuite> <!-- crossbrowsing.parameter -->
